This file contains any messages produced by compilers while
running configure, to aid debugging if configure makes a mistake.

It was created by scim-canna configure 0.1.0, which was
generated by GNU Autoconf 2.59.  Invocation command line was

  $ ./configure 

## --------- ##
## Platform. ##
## --------- ##

hostname = mai.yui.mine.nu
uname -m = i686
uname -r = 2.6.11-b2
uname -s = Linux
uname -v = #1 SMP Wed May 18 17:53:08 JST 2005

/usr/bin/uname -p = unknown
/bin/uname -X     = unknown

/bin/arch              = i686
/usr/bin/arch -k       = unknown
/usr/convex/getsysinfo = unknown
hostinfo               = unknown
/bin/machine           = unknown
/usr/bin/oslevel       = unknown
/bin/universe          = unknown

PATH: /usr/kerberos/sbin
PATH: /usr/kerberos/bin
PATH: /usr/local/sbin
PATH: /sbin
PATH: /bin
PATH: /usr/sbin
PATH: /usr/bin
PATH: /usr/X11R6/bin
PATH: /usr/games
PATH: /usr/local/bin
PATH: .
PATH: /root/bin


## ----------- ##
## Core tests. ##
## ----------- ##

configure:1571: checking for a BSD-compatible install
configure:1626: result: /usr/bin/install -c
configure:1637: checking whether build environment is sane
configure:1680: result: yes
configure:1745: checking for gawk
configure:1761: found /bin/gawk
configure:1771: result: gawk
configure:1781: checking whether make sets $(MAKE)
configure:1801: result: yes
configure:2065: checking build system type
configure:2083: result: i686-pc-linux-gnu
configure:2091: checking host system type
configure:2105: result: i686-pc-linux-gnu
configure:2125: checking for style of include used by make
configure:2153: result: GNU
configure:2224: checking for gcc
configure:2240: found /usr/bin/gcc
configure:2250: result: gcc
configure:2494: checking for C compiler version
configure:2497: gcc --version </dev/null >&5
gcc (GCC) 4.0.0 20050405 (Red Hat 4.0.0-0.40)
Copyright (C) 2005 Free Software Foundation, Inc.
This is free software; see the source for copying conditions.  There is NO
warranty; not even for MERCHANTABILITY or FITNESS FOR A PARTICULAR PURPOSE.

configure:2500: $? = 0
configure:2502: gcc -v </dev/null >&5
Using built-in specs.
Target: i386-redhat-linux
Configured with: ../configure --prefix=/usr --mandir=/usr/share/man --infodir=/usr/share/info --enable-shared --enable-threads=posix --enable-checking=release --with-system-zlib --enable-__cxa_atexit --disable-libunwind-exceptions --enable-languages=c,c++,objc,java,f95,ada --enable-java-awt=gtk --host=i386-redhat-linux
Thread model: posix
gcc version 4.0.0 20050405 (Red Hat 4.0.0-0.40)
configure:2505: $? = 0
configure:2507: gcc -V </dev/null >&5
gcc: '-V' option must have argument
configure:2510: $? = 1
configure:2533: checking for C compiler default output file name
configure:2536: gcc    conftest.c  >&5
configure:2539: $? = 0
configure:2585: result: a.out
configure:2590: checking whether the C compiler works
configure:2596: ./a.out
configure:2599: $? = 0
configure:2616: result: yes
configure:2623: checking whether we are cross compiling
configure:2625: result: no
configure:2628: checking for suffix of executables
configure:2630: gcc -o conftest    conftest.c  >&5
configure:2633: $? = 0
configure:2658: result: 
configure:2664: checking for suffix of object files
configure:2685: gcc -c   conftest.c >&5
configure:2688: $? = 0
configure:2710: result: o
configure:2714: checking whether we are using the GNU C compiler
configure:2738: gcc -c   conftest.c >&5
configure:2744: $? = 0
configure:2748: test -z 
			 || test ! -s conftest.err
configure:2751: $? = 0
configure:2754: test -s conftest.o
configure:2757: $? = 0
configure:2770: result: yes
configure:2776: checking whether gcc accepts -g
configure:2797: gcc -c -g  conftest.c >&5
configure:2803: $? = 0
configure:2807: test -z 
			 || test ! -s conftest.err
configure:2810: $? = 0
configure:2813: test -s conftest.o
configure:2816: $? = 0
configure:2827: result: yes
configure:2844: checking for gcc option to accept ANSI C
configure:2914: gcc  -c -g -O2  conftest.c >&5
configure:2920: $? = 0
configure:2924: test -z 
			 || test ! -s conftest.err
configure:2927: $? = 0
configure:2930: test -s conftest.o
configure:2933: $? = 0
configure:2951: result: none needed
configure:2969: gcc -c -g -O2  conftest.c >&5
conftest.c:2: error: syntax error before 'me'
configure:2975: $? = 1
configure: failed program was:
| #ifndef __cplusplus
|   choke me
| #endif
configure:3110: checking dependency style of gcc
configure:3200: result: gcc3
configure:3217: checking for a sed that does not truncate output
configure:3271: result: /bin/sed
configure:3274: checking for egrep
configure:3284: result: grep -E
configure:3300: checking for ld used by gcc
configure:3367: result: /usr/bin/ld
configure:3376: checking if the linker (/usr/bin/ld) is GNU ld
configure:3391: result: yes
configure:3396: checking for /usr/bin/ld option to reload object files
configure:3403: result: -r
configure:3421: checking for BSD-compatible nm
configure:3463: result: /usr/bin/nm -B
configure:3467: checking whether ln -s works
configure:3471: result: yes
configure:3478: checking how to recognise dependent libraries
configure:3650: result: pass_all
configure:3864: checking how to run the C preprocessor
configure:3899: gcc -E  conftest.c
configure:3905: $? = 0
configure:3937: gcc -E  conftest.c
conftest.c:12:28: error: ac_nonexistent.h: No such file or directory
configure:3943: $? = 1
configure: failed program was:
| /* confdefs.h.  */
| 
| #define PACKAGE_NAME "scim-canna"
| #define PACKAGE_TARNAME "scim-canna"
| #define PACKAGE_VERSION "0.1.0"
| #define PACKAGE_STRING "scim-canna 0.1.0"
| #define PACKAGE_BUGREPORT "poincare@ikezoe.net"
| #define PACKAGE "scim-canna"
| #define VERSION "0.1.0"
| #define GETTEXT_PACKAGE "scim-canna"
| /* end confdefs.h.  */
| #include <ac_nonexistent.h>
configure:3982: result: gcc -E
configure:4006: gcc -E  conftest.c
configure:4012: $? = 0
configure:4044: gcc -E  conftest.c
conftest.c:12:28: error: ac_nonexistent.h: No such file or directory
configure:4050: $? = 1
configure: failed program was:
| /* confdefs.h.  */
| 
| #define PACKAGE_NAME "scim-canna"
| #define PACKAGE_TARNAME "scim-canna"
| #define PACKAGE_VERSION "0.1.0"
| #define PACKAGE_STRING "scim-canna 0.1.0"
| #define PACKAGE_BUGREPORT "poincare@ikezoe.net"
| #define PACKAGE "scim-canna"
| #define VERSION "0.1.0"
| #define GETTEXT_PACKAGE "scim-canna"
| /* end confdefs.h.  */
| #include <ac_nonexistent.h>
configure:4094: checking for ANSI C header files
configure:4119: gcc -c -g -O2  conftest.c >&5
configure:4125: $? = 0
configure:4129: test -z 
			 || test ! -s conftest.err
configure:4132: $? = 0
configure:4135: test -s conftest.o
configure:4138: $? = 0
configure:4224: gcc -o conftest -g -O2   conftest.c  >&5
conftest.c: In function 'main':
conftest.c:29: warning: incompatible implicit declaration of built-in function 'exit'
configure:4227: $? = 0
configure:4229: ./conftest
configure:4232: $? = 0
configure:4247: result: yes
configure:4271: checking for sys/types.h
configure:4287: gcc -c -g -O2  conftest.c >&5
configure:4293: $? = 0
configure:4297: test -z 
			 || test ! -s conftest.err
configure:4300: $? = 0
configure:4303: test -s conftest.o
configure:4306: $? = 0
configure:4317: result: yes
configure:4271: checking for sys/stat.h
configure:4287: gcc -c -g -O2  conftest.c >&5
configure:4293: $? = 0
configure:4297: test -z 
			 || test ! -s conftest.err
configure:4300: $? = 0
configure:4303: test -s conftest.o
configure:4306: $? = 0
configure:4317: result: yes
configure:4271: checking for stdlib.h
configure:4287: gcc -c -g -O2  conftest.c >&5
configure:4293: $? = 0
configure:4297: test -z 
			 || test ! -s conftest.err
configure:4300: $? = 0
configure:4303: test -s conftest.o
configure:4306: $? = 0
configure:4317: result: yes
configure:4271: checking for string.h
configure:4287: gcc -c -g -O2  conftest.c >&5
configure:4293: $? = 0
configure:4297: test -z 
			 || test ! -s conftest.err
configure:4300: $? = 0
configure:4303: test -s conftest.o
configure:4306: $? = 0
configure:4317: result: yes
configure:4271: checking for memory.h
configure:4287: gcc -c -g -O2  conftest.c >&5
configure:4293: $? = 0
configure:4297: test -z 
			 || test ! -s conftest.err
configure:4300: $? = 0
configure:4303: test -s conftest.o
configure:4306: $? = 0
configure:4317: result: yes
configure:4271: checking for strings.h
configure:4287: gcc -c -g -O2  conftest.c >&5
configure:4293: $? = 0
configure:4297: test -z 
			 || test ! -s conftest.err
configure:4300: $? = 0
configure:4303: test -s conftest.o
configure:4306: $? = 0
configure:4317: result: yes
configure:4271: checking for inttypes.h
configure:4287: gcc -c -g -O2  conftest.c >&5
configure:4293: $? = 0
configure:4297: test -z 
			 || test ! -s conftest.err
configure:4300: $? = 0
configure:4303: test -s conftest.o
configure:4306: $? = 0
configure:4317: result: yes
configure:4271: checking for stdint.h
configure:4287: gcc -c -g -O2  conftest.c >&5
configure:4293: $? = 0
configure:4297: test -z 
			 || test ! -s conftest.err
configure:4300: $? = 0
configure:4303: test -s conftest.o
configure:4306: $? = 0
configure:4317: result: yes
configure:4271: checking for unistd.h
configure:4287: gcc -c -g -O2  conftest.c >&5
configure:4293: $? = 0
configure:4297: test -z 
			 || test ! -s conftest.err
configure:4300: $? = 0
configure:4303: test -s conftest.o
configure:4306: $? = 0
configure:4317: result: yes
configure:4343: checking dlfcn.h usability
configure:4355: gcc -c -g -O2  conftest.c >&5
configure:4361: $? = 0
configure:4365: test -z 
			 || test ! -s conftest.err
configure:4368: $? = 0
configure:4371: test -s conftest.o
configure:4374: $? = 0
configure:4384: result: yes
configure:4388: checking dlfcn.h presence
configure:4398: gcc -E  conftest.c
configure:4404: $? = 0
configure:4424: result: yes
configure:4459: checking for dlfcn.h
configure:4466: result: yes
configure:4531: checking for g++
configure:4547: found /usr/bin/g++
configure:4557: result: g++
configure:4573: checking for C++ compiler version
configure:4576: g++ --version </dev/null >&5
g++ (GCC) 4.0.0 20050405 (Red Hat 4.0.0-0.40)
Copyright (C) 2005 Free Software Foundation, Inc.
This is free software; see the source for copying conditions.  There is NO
warranty; not even for MERCHANTABILITY or FITNESS FOR A PARTICULAR PURPOSE.

configure:4579: $? = 0
configure:4581: g++ -v </dev/null >&5
Using built-in specs.
Target: i386-redhat-linux
Configured with: ../configure --prefix=/usr --mandir=/usr/share/man --infodir=/usr/share/info --enable-shared --enable-threads=posix --enable-checking=release --with-system-zlib --enable-__cxa_atexit --disable-libunwind-exceptions --enable-languages=c,c++,objc,java,f95,ada --enable-java-awt=gtk --host=i386-redhat-linux
Thread model: posix
gcc version 4.0.0 20050405 (Red Hat 4.0.0-0.40)
configure:4584: $? = 0
configure:4586: g++ -V </dev/null >&5
g++: '-V' option must have argument
configure:4589: $? = 1
configure:4592: checking whether we are using the GNU C++ compiler
configure:4616: g++ -c   conftest.cc >&5
configure:4622: $? = 0
configure:4626: test -z 
			 || test ! -s conftest.err
configure:4629: $? = 0
configure:4632: test -s conftest.o
configure:4635: $? = 0
configure:4648: result: yes
configure:4654: checking whether g++ accepts -g
configure:4675: g++ -c -g  conftest.cc >&5
configure:4681: $? = 0
configure:4685: test -z 
			 || test ! -s conftest.err
configure:4688: $? = 0
configure:4691: test -s conftest.o
configure:4694: $? = 0
configure:4705: result: yes
configure:4747: g++ -c -g -O2  conftest.cc >&5
configure:4753: $? = 0
configure:4757: test -z 
			 || test ! -s conftest.err
configure:4760: $? = 0
configure:4763: test -s conftest.o
configure:4766: $? = 0
configure:4792: g++ -c -g -O2  conftest.cc >&5
conftest.cc: In function 'int main()':
conftest.cc:27: error: 'exit' was not declared in this scope
configure:4798: $? = 1
configure: failed program was:
| /* confdefs.h.  */
| 
| #define PACKAGE_NAME "scim-canna"
| #define PACKAGE_TARNAME "scim-canna"
| #define PACKAGE_VERSION "0.1.0"
| #define PACKAGE_STRING "scim-canna 0.1.0"
| #define PACKAGE_BUGREPORT "poincare@ikezoe.net"
| #define PACKAGE "scim-canna"
| #define VERSION "0.1.0"
| #define GETTEXT_PACKAGE "scim-canna"
| #define STDC_HEADERS 1
| #define HAVE_SYS_TYPES_H 1
| #define HAVE_SYS_STAT_H 1
| #define HAVE_STDLIB_H 1
| #define HAVE_STRING_H 1
| #define HAVE_MEMORY_H 1
| #define HAVE_STRINGS_H 1
| #define HAVE_INTTYPES_H 1
| #define HAVE_STDINT_H 1
| #define HAVE_UNISTD_H 1
| #define HAVE_DLFCN_H 1
| /* end confdefs.h.  */
| 
| int
| main ()
| {
| exit (42);
|   ;
|   return 0;
| }
configure:4747: g++ -c -g -O2  conftest.cc >&5
configure:4753: $? = 0
configure:4757: test -z 
			 || test ! -s conftest.err
configure:4760: $? = 0
configure:4763: test -s conftest.o
configure:4766: $? = 0
configure:4792: g++ -c -g -O2  conftest.cc >&5
configure:4798: $? = 0
configure:4802: test -z 
			 || test ! -s conftest.err
configure:4805: $? = 0
configure:4808: test -s conftest.o
configure:4811: $? = 0
configure:4836: checking dependency style of g++
configure:4926: result: gcc3
configure:4953: checking how to run the C++ preprocessor
configure:4984: g++ -E  conftest.cc
configure:4990: $? = 0
configure:5022: g++ -E  conftest.cc
conftest.cc:26:28: error: ac_nonexistent.h: No such file or directory
configure:5028: $? = 1
configure: failed program was:
| /* confdefs.h.  */
| 
| #define PACKAGE_NAME "scim-canna"
| #define PACKAGE_TARNAME "scim-canna"
| #define PACKAGE_VERSION "0.1.0"
| #define PACKAGE_STRING "scim-canna 0.1.0"
| #define PACKAGE_BUGREPORT "poincare@ikezoe.net"
| #define PACKAGE "scim-canna"
| #define VERSION "0.1.0"
| #define GETTEXT_PACKAGE "scim-canna"
| #define STDC_HEADERS 1
| #define HAVE_SYS_TYPES_H 1
| #define HAVE_SYS_STAT_H 1
| #define HAVE_STDLIB_H 1
| #define HAVE_STRING_H 1
| #define HAVE_MEMORY_H 1
| #define HAVE_STRINGS_H 1
| #define HAVE_INTTYPES_H 1
| #define HAVE_STDINT_H 1
| #define HAVE_UNISTD_H 1
| #define HAVE_DLFCN_H 1
| #ifdef __cplusplus
| extern "C" void std::exit (int) throw (); using std::exit;
| #endif
| /* end confdefs.h.  */
| #include <ac_nonexistent.h>
configure:5067: result: g++ -E
configure:5091: g++ -E  conftest.cc
configure:5097: $? = 0
configure:5129: g++ -E  conftest.cc
conftest.cc:26:28: error: ac_nonexistent.h: No such file or directory
configure:5135: $? = 1
configure: failed program was:
| /* confdefs.h.  */
| 
| #define PACKAGE_NAME "scim-canna"
| #define PACKAGE_TARNAME "scim-canna"
| #define PACKAGE_VERSION "0.1.0"
| #define PACKAGE_STRING "scim-canna 0.1.0"
| #define PACKAGE_BUGREPORT "poincare@ikezoe.net"
| #define PACKAGE "scim-canna"
| #define VERSION "0.1.0"
| #define GETTEXT_PACKAGE "scim-canna"
| #define STDC_HEADERS 1
| #define HAVE_SYS_TYPES_H 1
| #define HAVE_SYS_STAT_H 1
| #define HAVE_STDLIB_H 1
| #define HAVE_STRING_H 1
| #define HAVE_MEMORY_H 1
| #define HAVE_STRINGS_H 1
| #define HAVE_INTTYPES_H 1
| #define HAVE_STDINT_H 1
| #define HAVE_UNISTD_H 1
| #define HAVE_DLFCN_H 1
| #ifdef __cplusplus
| extern "C" void std::exit (int) throw (); using std::exit;
| #endif
| /* end confdefs.h.  */
| #include <ac_nonexistent.h>
configure:5232: checking for g77
configure:5261: result: no
configure:5232: checking for f77
configure:5261: result: no
configure:5232: checking for xlf
configure:5261: result: no
configure:5232: checking for frt
configure:5261: result: no
configure:5232: checking for pgf77
configure:5261: result: no
configure:5232: checking for fort77
configure:5261: result: no
configure:5232: checking for fl32
configure:5261: result: no
configure:5232: checking for af77
configure:5261: result: no
configure:5232: checking for f90
configure:5261: result: no
configure:5232: checking for xlf90
configure:5261: result: no
configure:5232: checking for pgf90
configure:5261: result: no
configure:5232: checking for epcf90
configure:5261: result: no
configure:5232: checking for f95
configure:5261: result: no
configure:5232: checking for fort
configure:5261: result: no
configure:5232: checking for xlf95
configure:5261: result: no
configure:5232: checking for ifc
configure:5261: result: no
configure:5232: checking for efc
configure:5261: result: no
configure:5232: checking for pgf95
configure:5261: result: no
configure:5232: checking for lf95
configure:5261: result: no
configure:5232: checking for gfortran
configure:5261: result: no
configure:5276: checking for Fortran 77 compiler version
configure:5276:  --version </dev/null >&5
./configure: line 1: --version: command not found
configure:5279: $? = 127
configure:5281:  -v </dev/null >&5
./configure: line 1: -v: command not found
configure:5284: $? = 127
configure:5286:  -V </dev/null >&5
./configure: line 1: -V: command not found
configure:5289: $? = 127
configure:5297: checking whether we are using the GNU Fortran 77 compiler
configure:5311:  -c  conftest.F >&5
./configure: line 1: -c: command not found
configure:5317: $? = 127
configure: failed program was:
|       program main
| #ifndef __GNUC__
|        choke me
| #endif
| 
|       end
configure:5343: result: no
configure:5349: checking whether  accepts -g
configure:5361:  -c -g conftest.f >&5
./configure: line 1: -c: command not found
configure:5367: $? = 127
configure: failed program was:
|       program main
| 
|       end
configure:5392: result: no
configure:5422: checking the maximum length of command line arguments
configure:5513: result: 32768
configure:5524: checking command to parse /usr/bin/nm -B output from gcc object
configure:5620: gcc -c -g -O2  conftest.c >&5
configure:5623: $? = 0
configure:5627: /usr/bin/nm -B conftest.o \| sed -n -e 's/^.*[ 	]\([ABCDGIRSTW][ABCDGIRSTW]*\)[ 	][ 	]*\([_A-Za-z][_A-Za-z0-9]*\)$/\1 \2 \2/p' \> conftest.nm
configure:5630: $? = 0
configure:5682: gcc -o conftest -g -O2   conftest.c conftstm.o >&5
configure:5685: $? = 0
configure:5723: result: ok
configure:5727: checking for objdir
configure:5742: result: .libs
configure:5832: checking for ar
configure:5848: found /usr/bin/ar
configure:5859: result: ar
configure:5912: checking for ranlib
configure:5928: found /usr/bin/ranlib
configure:5939: result: ranlib
configure:5992: checking for strip
configure:6008: found /usr/bin/strip
configure:6019: result: strip
configure:6283: checking if gcc static flag  works
configure:6306: result: yes
configure:6324: checking if gcc supports -fno-rtti -fno-exceptions
configure:6345: gcc -c -g -O2  -fno-rtti -fno-exceptions conftest.c >&5
cc1: warning: command line option "-fno-rtti" is valid for C++/ObjC++ but not for C
configure:6349: $? = 0
configure:6357: result: no
configure:6372: checking for gcc option to produce PIC
configure:6571: result: -fPIC
configure:6579: checking if gcc PIC flag -fPIC works
configure:6600: gcc -c -g -O2  -fPIC -DPIC conftest.c >&5
configure:6604: $? = 0
configure:6612: result: yes
configure:6636: checking if gcc supports -c -o file.o
configure:6660: gcc -c -g -O2  -o out/conftest2.o conftest.c >&5
configure:6664: $? = 0
configure:6681: result: yes
configure:6707: checking whether the gcc linker (/usr/bin/ld) supports shared libraries
configure:7569: result: yes
configure:7595: checking whether -lc should be explicitly linked in
configure:7600: gcc -c -g -O2  conftest.c >&5
configure:7603: $? = 0
configure:7617: gcc -shared conftest.o  -v -Wl,-soname -Wl,conftest -o conftest 2\>\&1 \| grep  -lc  \>/dev/null 2\>\&1
configure:7620: $? = 0
configure:7632: result: no
configure:7640: checking dynamic linker characteristics
configure:8203: result: GNU/Linux ld.so
configure:8207: checking how to hardcode library paths into programs
configure:8232: result: immediate
configure:8246: checking whether stripping libraries is possible
configure:8251: result: yes
configure:8377: checking for shl_load
configure:8434: gcc -o conftest -g -O2   conftest.c  >&5
/tmp/ccucKQtE.o(.text+0x14): In function `main':
/root/redhat/SOURCES/scim/scim-whiz-0.0.1/conftest.c:65: undefined reference to `shl_load'
/tmp/ccucKQtE.o(.data+0x0): undefined reference to `shl_load'
collect2: ld returned 1 exit status
configure:8440: $? = 1
configure: failed program was:
| /* confdefs.h.  */
| 
| #define PACKAGE_NAME "scim-canna"
| #define PACKAGE_TARNAME "scim-canna"
| #define PACKAGE_VERSION "0.1.0"
| #define PACKAGE_STRING "scim-canna 0.1.0"
| #define PACKAGE_BUGREPORT "poincare@ikezoe.net"
| #define PACKAGE "scim-canna"
| #define VERSION "0.1.0"
| #define GETTEXT_PACKAGE "scim-canna"
| #define STDC_HEADERS 1
| #define HAVE_SYS_TYPES_H 1
| #define HAVE_SYS_STAT_H 1
| #define HAVE_STDLIB_H 1
| #define HAVE_STRING_H 1
| #define HAVE_MEMORY_H 1
| #define HAVE_STRINGS_H 1
| #define HAVE_INTTYPES_H 1
| #define HAVE_STDINT_H 1
| #define HAVE_UNISTD_H 1
| #define HAVE_DLFCN_H 1
| #ifdef __cplusplus
| extern "C" void std::exit (int) throw (); using std::exit;
| #endif
| /* end confdefs.h.  */
| /* Define shl_load to an innocuous variant, in case <limits.h> declares shl_load.
|    For example, HP-UX 11i <limits.h> declares gettimeofday.  */
| #define shl_load innocuous_shl_load
| 
| /* System header to define __stub macros and hopefully few prototypes,
|     which can conflict with char shl_load (); below.
|     Prefer <limits.h> to <assert.h> if __STDC__ is defined, since
|     <limits.h> exists even on freestanding compilers.  */
| 
| #ifdef __STDC__
| # include <limits.h>
| #else
| # include <assert.h>
| #endif
| 
| #undef shl_load
| 
| /* Override any gcc2 internal prototype to avoid an error.  */
| #ifdef __cplusplus
| extern "C"
| {
| #endif
| /* We use char because int might match the return type of a gcc2
|    builtin and then its argument prototype would still apply.  */
| char shl_load ();
| /* The GNU C library defines this for functions which it implements
|     to always fail with ENOSYS.  Some functions are actually named
|     something starting with __ and the normal name is an alias.  */
| #if defined (__stub_shl_load) || defined (__stub___shl_load)
| choke me
| #else
| char (*f) () = shl_load;
| #endif
| #ifdef __cplusplus
| }
| #endif
| 
| int
| main ()
| {
| return f != shl_load;
|   ;
|   return 0;
| }
configure:8465: result: no
configure:8470: checking for shl_load in -ldld
configure:8500: gcc -o conftest -g -O2   conftest.c -ldld   >&5
/usr/bin/ld: cannot find -ldld
collect2: ld returned 1 exit status
configure:8506: $? = 1
configure: failed program was:
| /* confdefs.h.  */
| 
| #define PACKAGE_NAME "scim-canna"
| #define PACKAGE_TARNAME "scim-canna"
| #define PACKAGE_VERSION "0.1.0"
| #define PACKAGE_STRING "scim-canna 0.1.0"
| #define PACKAGE_BUGREPORT "poincare@ikezoe.net"
| #define PACKAGE "scim-canna"
| #define VERSION "0.1.0"
| #define GETTEXT_PACKAGE "scim-canna"
| #define STDC_HEADERS 1
| #define HAVE_SYS_TYPES_H 1
| #define HAVE_SYS_STAT_H 1
| #define HAVE_STDLIB_H 1
| #define HAVE_STRING_H 1
| #define HAVE_MEMORY_H 1
| #define HAVE_STRINGS_H 1
| #define HAVE_INTTYPES_H 1
| #define HAVE_STDINT_H 1
| #define HAVE_UNISTD_H 1
| #define HAVE_DLFCN_H 1
| #ifdef __cplusplus
| extern "C" void std::exit (int) throw (); using std::exit;
| #endif
| /* end confdefs.h.  */
| 
| /* Override any gcc2 internal prototype to avoid an error.  */
| #ifdef __cplusplus
| extern "C"
| #endif
| /* We use char because int might match the return type of a gcc2
|    builtin and then its argument prototype would still apply.  */
| char shl_load ();
| int
| main ()
| {
| shl_load ();
|   ;
|   return 0;
| }
configure:8532: result: no
configure:8537: checking for dlopen
configure:8594: gcc -o conftest -g -O2   conftest.c  >&5
/tmp/ccMv4NaZ.o(.text+0x14): In function `main':
/root/redhat/SOURCES/scim/scim-whiz-0.0.1/conftest.c:65: undefined reference to `dlopen'
/tmp/ccMv4NaZ.o(.data+0x0): undefined reference to `dlopen'
collect2: ld returned 1 exit status
configure:8600: $? = 1
configure: failed program was:
| /* confdefs.h.  */
| 
| #define PACKAGE_NAME "scim-canna"
| #define PACKAGE_TARNAME "scim-canna"
| #define PACKAGE_VERSION "0.1.0"
| #define PACKAGE_STRING "scim-canna 0.1.0"
| #define PACKAGE_BUGREPORT "poincare@ikezoe.net"
| #define PACKAGE "scim-canna"
| #define VERSION "0.1.0"
| #define GETTEXT_PACKAGE "scim-canna"
| #define STDC_HEADERS 1
| #define HAVE_SYS_TYPES_H 1
| #define HAVE_SYS_STAT_H 1
| #define HAVE_STDLIB_H 1
| #define HAVE_STRING_H 1
| #define HAVE_MEMORY_H 1
| #define HAVE_STRINGS_H 1
| #define HAVE_INTTYPES_H 1
| #define HAVE_STDINT_H 1
| #define HAVE_UNISTD_H 1
| #define HAVE_DLFCN_H 1
| #ifdef __cplusplus
| extern "C" void std::exit (int) throw (); using std::exit;
| #endif
| /* end confdefs.h.  */
| /* Define dlopen to an innocuous variant, in case <limits.h> declares dlopen.
|    For example, HP-UX 11i <limits.h> declares gettimeofday.  */
| #define dlopen innocuous_dlopen
| 
| /* System header to define __stub macros and hopefully few prototypes,
|     which can conflict with char dlopen (); below.
|     Prefer <limits.h> to <assert.h> if __STDC__ is defined, since
|     <limits.h> exists even on freestanding compilers.  */
| 
| #ifdef __STDC__
| # include <limits.h>
| #else
| # include <assert.h>
| #endif
| 
| #undef dlopen
| 
| /* Override any gcc2 internal prototype to avoid an error.  */
| #ifdef __cplusplus
| extern "C"
| {
| #endif
| /* We use char because int might match the return type of a gcc2
|    builtin and then its argument prototype would still apply.  */
| char dlopen ();
| /* The GNU C library defines this for functions which it implements
|     to always fail with ENOSYS.  Some functions are actually named
|     something starting with __ and the normal name is an alias.  */
| #if defined (__stub_dlopen) || defined (__stub___dlopen)
| choke me
| #else
| char (*f) () = dlopen;
| #endif
| #ifdef __cplusplus
| }
| #endif
| 
| int
| main ()
| {
| return f != dlopen;
|   ;
|   return 0;
| }
configure:8625: result: no
configure:8630: checking for dlopen in -ldl
configure:8660: gcc -o conftest -g -O2   conftest.c -ldl   >&5
configure:8666: $? = 0
configure:8670: test -z 
			 || test ! -s conftest.err
configure:8673: $? = 0
configure:8676: test -s conftest
configure:8679: $? = 0
configure:8692: result: yes
configure:8867: checking whether a program can dlopen itself
configure:8939: gcc -o conftest -g -O2  -DHAVE_DLFCN_H  -Wl,--export-dynamic conftest.c -ldl  >&5
configure: In function 'main':
configure:8938: warning: incompatible implicit declaration of built-in function 'exit'
configure:8942: $? = 0
configure:8960: result: yes
configure:8965: checking whether a statically linked program can dlopen itself
configure:9037: gcc -o conftest -g -O2  -DHAVE_DLFCN_H  -Wl,--export-dynamic  conftest.c -ldl  >&5
configure: In function 'main':
configure:9036: warning: incompatible implicit declaration of built-in function 'exit'
configure:9040: $? = 0
configure:9058: result: yes
configure:9081: checking if libtool supports shared libraries
configure:9083: result: yes
configure:9086: checking whether to build shared libraries
configure:9107: result: yes
configure:9110: checking whether to build static libraries
configure:9114: result: yes
configure:9206: creating libtool
configure:9761: checking for ld used by g++
configure:9828: result: /usr/bin/ld
configure:9837: checking if the linker (/usr/bin/ld) is GNU ld
configure:9852: result: yes
configure:9903: checking whether the g++ linker (/usr/bin/ld) supports shared libraries
configure:10785: result: yes
configure:10803: g++ -c -g -O2  conftest.cc >&5
configure:10806: $? = 0
configure:10902: checking for g++ option to produce PIC
configure:11170: result: -fPIC
configure:11178: checking if g++ PIC flag -fPIC works
configure:11199: g++ -c -g -O2  -fPIC -DPIC conftest.cc >&5
configure:11203: $? = 0
configure:11211: result: yes
configure:11235: checking if g++ supports -c -o file.o
configure:11259: g++ -c -g -O2  -o out/conftest2.o conftest.cc >&5
configure:11263: $? = 0
configure:11280: result: yes
configure:11306: checking whether the g++ linker (/usr/bin/ld) supports shared libraries
configure:11331: result: yes
configure:11402: checking dynamic linker characteristics
configure:11965: result: GNU/Linux ld.so
configure:11969: checking how to hardcode library paths into programs
configure:11994: result: immediate
configure:12008: checking whether stripping libraries is possible
configure:12013: result: yes
configure:12139: checking for shl_load
configure:12227: result: no
configure:12232: checking for shl_load in -ldld
configure:12294: result: no
configure:12299: checking for dlopen
configure:12387: result: no
configure:12392: checking for dlopen in -ldl
configure:12454: result: yes
configure:12629: checking whether a program can dlopen itself
configure:12722: result: yes
configure:12727: checking whether a statically linked program can dlopen itself
configure:12820: result: yes
configure:19390: checking for an ANSI C-conforming const
configure:19457: gcc -c -g -O2  conftest.c >&5
configure:19463: $? = 0
configure:19467: test -z 
			 || test ! -s conftest.err
configure:19470: $? = 0
configure:19473: test -s conftest.o
configure:19476: $? = 0
configure:19487: result: yes
configure:19505: checking for dirent.h that defines DIR
configure:19529: gcc -c -g -O2  conftest.c >&5
configure:19535: $? = 0
configure:19539: test -z 
			 || test ! -s conftest.err
configure:19542: $? = 0
configure:19545: test -s conftest.o
configure:19548: $? = 0
configure:19559: result: yes
configure:19572: checking for library containing opendir
configure:19602: gcc -o conftest -g -O2   conftest.c  >&5
configure:19608: $? = 0
configure:19612: test -z 
			 || test ! -s conftest.err
configure:19615: $? = 0
configure:19618: test -s conftest
configure:19621: $? = 0
configure:19691: result: none required
configure:19855: checking which extension is used for loadable modules
configure:19865: result: .so
configure:19876: checking which variable specifies run-time library path
configure:19883: result: LD_LIBRARY_PATH
configure:19894: checking for the default library search path
configure:19901: result: /lib /usr/lib /usr/lib/qt-3.3/lib /usr/X11R6/lib /usr/X11R6/lib /usr/lib/mysql /usr/lib/wine /usr/local/PCM/PCM4/Dist/lib 
configure:19919: checking for objdir
configure:19940: result: .libs
configure:19949: checking whether libtool supports -dlopen/-dlpreopen
configure:19961: result: yes
configure:19980: checking for shl_load
configure:20068: result: no
configure:20077: checking for shl_load in -ldld
configure:20139: result: no
configure:20149: checking for dlopen in -ldl
configure:20211: result: yes
configure:20540: checking for dlerror
configure:20597: gcc -o conftest -g -O2   conftest.c  -ldl >&5
configure:20603: $? = 0
configure:20607: test -z 
			 || test ! -s conftest.err
configure:20610: $? = 0
configure:20613: test -s conftest
configure:20616: $? = 0
configure:20628: result: yes
configure:20648: checking for _ prefix in compiled symbols
configure:20658: gcc -c -g -O2  conftest.c >&5
configure:20661: $? = 0
configure:20665: /usr/bin/nm -B conftest.o \| sed -n -e 's/^.*[ 	]\([ABCDGIRSTW][ABCDGIRSTW]*\)[ 	][ 	]*\([_A-Za-z][_A-Za-z0-9]*\)$/\1 \2 \2/p' \> conftest.nm
configure:20668: $? = 0
configure:20690: result: no
configure:20808: checking whether deplibs are loaded by dlopen
configure:20883: result: yes
configure:20907: checking argz.h usability
configure:20919: gcc -c -g -O2  conftest.c >&5
configure:20925: $? = 0
configure:20929: test -z 
			 || test ! -s conftest.err
configure:20932: $? = 0
configure:20935: test -s conftest.o
configure:20938: $? = 0
configure:20948: result: yes
configure:20952: checking argz.h presence
configure:20962: gcc -E  conftest.c
configure:20968: $? = 0
configure:20988: result: yes
configure:21023: checking for argz.h
configure:21030: result: yes
configure:21044: checking for error_t
configure:21071: gcc -c -g -O2  conftest.c >&5
configure:21077: $? = 0
configure:21081: test -z 
			 || test ! -s conftest.err
configure:21084: $? = 0
configure:21087: test -s conftest.o
configure:21090: $? = 0
configure:21101: result: yes
configure:21127: checking for argz_append
configure:21184: gcc -o conftest -g -O2   conftest.c  >&5
configure:21190: $? = 0
configure:21194: test -z 
			 || test ! -s conftest.err
configure:21197: $? = 0
configure:21200: test -s conftest
configure:21203: $? = 0
configure:21215: result: yes
configure:21127: checking for argz_create_sep
configure:21184: gcc -o conftest -g -O2   conftest.c  >&5
configure:21190: $? = 0
configure:21194: test -z 
			 || test ! -s conftest.err
configure:21197: $? = 0
configure:21200: test -s conftest
configure:21203: $? = 0
configure:21215: result: yes
configure:21127: checking for argz_insert
configure:21184: gcc -o conftest -g -O2   conftest.c  >&5
configure:21190: $? = 0
configure:21194: test -z 
			 || test ! -s conftest.err
configure:21197: $? = 0
configure:21200: test -s conftest
configure:21203: $? = 0
configure:21215: result: yes
configure:21127: checking for argz_next
configure:21184: gcc -o conftest -g -O2   conftest.c  >&5
configure:21190: $? = 0
configure:21194: test -z 
			 || test ! -s conftest.err
configure:21197: $? = 0
configure:21200: test -s conftest
configure:21203: $? = 0
configure:21215: result: yes
configure:21127: checking for argz_stringify
configure:21184: gcc -o conftest -g -O2   conftest.c  >&5
configure:21190: $? = 0
configure:21194: test -z 
			 || test ! -s conftest.err
configure:21197: $? = 0
configure:21200: test -s conftest
configure:21203: $? = 0
configure:21215: result: yes
configure:21266: checking assert.h usability
configure:21278: gcc -c -g -O2  conftest.c >&5
configure:21284: $? = 0
configure:21288: test -z 
			 || test ! -s conftest.err
configure:21291: $? = 0
configure:21294: test -s conftest.o
configure:21297: $? = 0
configure:21307: result: yes
configure:21311: checking assert.h presence
configure:21321: gcc -E  conftest.c
configure:21327: $? = 0
configure:21347: result: yes
configure:21382: checking for assert.h
configure:21389: result: yes
configure:21266: checking ctype.h usability
configure:21278: gcc -c -g -O2  conftest.c >&5
configure:21284: $? = 0
configure:21288: test -z 
			 || test ! -s conftest.err
configure:21291: $? = 0
configure:21294: test -s conftest.o
configure:21297: $? = 0
configure:21307: result: yes
configure:21311: checking ctype.h presence
configure:21321: gcc -E  conftest.c
configure:21327: $? = 0
configure:21347: result: yes
configure:21382: checking for ctype.h
configure:21389: result: yes
configure:21266: checking errno.h usability
configure:21278: gcc -c -g -O2  conftest.c >&5
configure:21284: $? = 0
configure:21288: test -z 
			 || test ! -s conftest.err
configure:21291: $? = 0
configure:21294: test -s conftest.o
configure:21297: $? = 0
configure:21307: result: yes
configure:21311: checking errno.h presence
configure:21321: gcc -E  conftest.c
configure:21327: $? = 0
configure:21347: result: yes
configure:21382: checking for errno.h
configure:21389: result: yes
configure:21266: checking malloc.h usability
configure:21278: gcc -c -g -O2  conftest.c >&5
configure:21284: $? = 0
configure:21288: test -z 
			 || test ! -s conftest.err
configure:21291: $? = 0
configure:21294: test -s conftest.o
configure:21297: $? = 0
configure:21307: result: yes
configure:21311: checking malloc.h presence
configure:21321: gcc -E  conftest.c
configure:21327: $? = 0
configure:21347: result: yes
configure:21382: checking for malloc.h
configure:21389: result: yes
configure:21257: checking for memory.h
configure:21262: result: yes
configure:21257: checking for stdlib.h
configure:21262: result: yes
configure:21266: checking stdio.h usability
configure:21278: gcc -c -g -O2  conftest.c >&5
configure:21284: $? = 0
configure:21288: test -z 
			 || test ! -s conftest.err
configure:21291: $? = 0
configure:21294: test -s conftest.o
configure:21297: $? = 0
configure:21307: result: yes
configure:21311: checking stdio.h presence
configure:21321: gcc -E  conftest.c
configure:21327: $? = 0
configure:21347: result: yes
configure:21382: checking for stdio.h
configure:21389: result: yes
configure:21257: checking for unistd.h
configure:21262: result: yes
configure:21419: checking dl.h usability
configure:21431: gcc -c -g -O2  conftest.c >&5
conftest.c:83:16: error: dl.h: No such file or directory
configure:21437: $? = 1
configure: failed program was:
| /* confdefs.h.  */
| 
| #define PACKAGE_NAME "scim-canna"
| #define PACKAGE_TARNAME "scim-canna"
| #define PACKAGE_VERSION "0.1.0"
| #define PACKAGE_STRING "scim-canna 0.1.0"
| #define PACKAGE_BUGREPORT "poincare@ikezoe.net"
| #define PACKAGE "scim-canna"
| #define VERSION "0.1.0"
| #define GETTEXT_PACKAGE "scim-canna"
| #define STDC_HEADERS 1
| #define HAVE_SYS_TYPES_H 1
| #define HAVE_SYS_STAT_H 1
| #define HAVE_STDLIB_H 1
| #define HAVE_STRING_H 1
| #define HAVE_MEMORY_H 1
| #define HAVE_STRINGS_H 1
| #define HAVE_INTTYPES_H 1
| #define HAVE_STDINT_H 1
| #define HAVE_UNISTD_H 1
| #define HAVE_DLFCN_H 1
| #ifdef __cplusplus
| extern "C" void std::exit (int) throw (); using std::exit;
| #endif
| #define HAVE_DIRENT_H 1
| #define LTDL_SHLIB_EXT ".so"
| #define LTDL_SHLIBPATH_VAR "LD_LIBRARY_PATH"
| #define LTDL_SYSSEARCHPATH "/lib:/usr/lib:/usr/lib/qt-3.3/lib:/usr/X11R6/lib:/usr/X11R6/lib:/usr/lib/mysql:/usr/lib/wine:/usr/local/PCM/PCM4/Dist/lib"
| #define LTDL_OBJDIR ".libs/"
| #define HAVE_PRELOADED_SYMBOLS 1
| #define HAVE_LIBDL 1
| #define HAVE_DLERROR 1
| #define HAVE_ARGZ_H 1
| #define HAVE_ERROR_T 1
| #define HAVE_ARGZ_APPEND 1
| #define HAVE_ARGZ_CREATE_SEP 1
| #define HAVE_ARGZ_INSERT 1
| #define HAVE_ARGZ_NEXT 1
| #define HAVE_ARGZ_STRINGIFY 1
| #define HAVE_ASSERT_H 1
| #define HAVE_CTYPE_H 1
| #define HAVE_ERRNO_H 1
| #define HAVE_MALLOC_H 1
| #define HAVE_MEMORY_H 1
| #define HAVE_STDLIB_H 1
| #define HAVE_STDIO_H 1
| #define HAVE_UNISTD_H 1
| /* end confdefs.h.  */
| #include <stdio.h>
| #if HAVE_SYS_TYPES_H
| # include <sys/types.h>
| #endif
| #if HAVE_SYS_STAT_H
| # include <sys/stat.h>
| #endif
| #if STDC_HEADERS
| # include <stdlib.h>
| # include <stddef.h>
| #else
| # if HAVE_STDLIB_H
| #  include <stdlib.h>
| # endif
| #endif
| #if HAVE_STRING_H
| # if !STDC_HEADERS && HAVE_MEMORY_H
| #  include <memory.h>
| # endif
| # include <string.h>
| #endif
| #if HAVE_STRINGS_H
| # include <strings.h>
| #endif
| #if HAVE_INTTYPES_H
| # include <inttypes.h>
| #else
| # if HAVE_STDINT_H
| #  include <stdint.h>
| # endif
| #endif
| #if HAVE_UNISTD_H
| # include <unistd.h>
| #endif
| #include <dl.h>
configure:21460: result: no
configure:21464: checking dl.h presence
configure:21474: gcc -E  conftest.c
conftest.c:49:16: error: dl.h: No such file or directory
configure:21480: $? = 1
configure: failed program was:
| /* confdefs.h.  */
| 
| #define PACKAGE_NAME "scim-canna"
| #define PACKAGE_TARNAME "scim-canna"
| #define PACKAGE_VERSION "0.1.0"
| #define PACKAGE_STRING "scim-canna 0.1.0"
| #define PACKAGE_BUGREPORT "poincare@ikezoe.net"
| #define PACKAGE "scim-canna"
| #define VERSION "0.1.0"
| #define GETTEXT_PACKAGE "scim-canna"
| #define STDC_HEADERS 1
| #define HAVE_SYS_TYPES_H 1
| #define HAVE_SYS_STAT_H 1
| #define HAVE_STDLIB_H 1
| #define HAVE_STRING_H 1
| #define HAVE_MEMORY_H 1
| #define HAVE_STRINGS_H 1
| #define HAVE_INTTYPES_H 1
| #define HAVE_STDINT_H 1
| #define HAVE_UNISTD_H 1
| #define HAVE_DLFCN_H 1
| #ifdef __cplusplus
| extern "C" void std::exit (int) throw (); using std::exit;
| #endif
| #define HAVE_DIRENT_H 1
| #define LTDL_SHLIB_EXT ".so"
| #define LTDL_SHLIBPATH_VAR "LD_LIBRARY_PATH"
| #define LTDL_SYSSEARCHPATH "/lib:/usr/lib:/usr/lib/qt-3.3/lib:/usr/X11R6/lib:/usr/X11R6/lib:/usr/lib/mysql:/usr/lib/wine:/usr/local/PCM/PCM4/Dist/lib"
| #define LTDL_OBJDIR ".libs/"
| #define HAVE_PRELOADED_SYMBOLS 1
| #define HAVE_LIBDL 1
| #define HAVE_DLERROR 1
| #define HAVE_ARGZ_H 1
| #define HAVE_ERROR_T 1
| #define HAVE_ARGZ_APPEND 1
| #define HAVE_ARGZ_CREATE_SEP 1
| #define HAVE_ARGZ_INSERT 1
| #define HAVE_ARGZ_NEXT 1
| #define HAVE_ARGZ_STRINGIFY 1
| #define HAVE_ASSERT_H 1
| #define HAVE_CTYPE_H 1
| #define HAVE_ERRNO_H 1
| #define HAVE_MALLOC_H 1
| #define HAVE_MEMORY_H 1
| #define HAVE_STDLIB_H 1
| #define HAVE_STDIO_H 1
| #define HAVE_UNISTD_H 1
| /* end confdefs.h.  */
| #include <dl.h>
configure:21500: result: no
configure:21535: checking for dl.h
configure:21542: result: no
configure:21419: checking sys/dl.h usability
configure:21431: gcc -c -g -O2  conftest.c >&5
conftest.c:83:20: error: sys/dl.h: No such file or directory
configure:21437: $? = 1
configure: failed program was:
| /* confdefs.h.  */
| 
| #define PACKAGE_NAME "scim-canna"
| #define PACKAGE_TARNAME "scim-canna"
| #define PACKAGE_VERSION "0.1.0"
| #define PACKAGE_STRING "scim-canna 0.1.0"
| #define PACKAGE_BUGREPORT "poincare@ikezoe.net"
| #define PACKAGE "scim-canna"
| #define VERSION "0.1.0"
| #define GETTEXT_PACKAGE "scim-canna"
| #define STDC_HEADERS 1
| #define HAVE_SYS_TYPES_H 1
| #define HAVE_SYS_STAT_H 1
| #define HAVE_STDLIB_H 1
| #define HAVE_STRING_H 1
| #define HAVE_MEMORY_H 1
| #define HAVE_STRINGS_H 1
| #define HAVE_INTTYPES_H 1
| #define HAVE_STDINT_H 1
| #define HAVE_UNISTD_H 1
| #define HAVE_DLFCN_H 1
| #ifdef __cplusplus
| extern "C" void std::exit (int) throw (); using std::exit;
| #endif
| #define HAVE_DIRENT_H 1
| #define LTDL_SHLIB_EXT ".so"
| #define LTDL_SHLIBPATH_VAR "LD_LIBRARY_PATH"
| #define LTDL_SYSSEARCHPATH "/lib:/usr/lib:/usr/lib/qt-3.3/lib:/usr/X11R6/lib:/usr/X11R6/lib:/usr/lib/mysql:/usr/lib/wine:/usr/local/PCM/PCM4/Dist/lib"
| #define LTDL_OBJDIR ".libs/"
| #define HAVE_PRELOADED_SYMBOLS 1
| #define HAVE_LIBDL 1
| #define HAVE_DLERROR 1
| #define HAVE_ARGZ_H 1
| #define HAVE_ERROR_T 1
| #define HAVE_ARGZ_APPEND 1
| #define HAVE_ARGZ_CREATE_SEP 1
| #define HAVE_ARGZ_INSERT 1
| #define HAVE_ARGZ_NEXT 1
| #define HAVE_ARGZ_STRINGIFY 1
| #define HAVE_ASSERT_H 1
| #define HAVE_CTYPE_H 1
| #define HAVE_ERRNO_H 1
| #define HAVE_MALLOC_H 1
| #define HAVE_MEMORY_H 1
| #define HAVE_STDLIB_H 1
| #define HAVE_STDIO_H 1
| #define HAVE_UNISTD_H 1
| /* end confdefs.h.  */
| #include <stdio.h>
| #if HAVE_SYS_TYPES_H
| # include <sys/types.h>
| #endif
| #if HAVE_SYS_STAT_H
| # include <sys/stat.h>
| #endif
| #if STDC_HEADERS
| # include <stdlib.h>
| # include <stddef.h>
| #else
| # if HAVE_STDLIB_H
| #  include <stdlib.h>
| # endif
| #endif
| #if HAVE_STRING_H
| # if !STDC_HEADERS && HAVE_MEMORY_H
| #  include <memory.h>
| # endif
| # include <string.h>
| #endif
| #if HAVE_STRINGS_H
| # include <strings.h>
| #endif
| #if HAVE_INTTYPES_H
| # include <inttypes.h>
| #else
| # if HAVE_STDINT_H
| #  include <stdint.h>
| # endif
| #endif
| #if HAVE_UNISTD_H
| # include <unistd.h>
| #endif
| #include <sys/dl.h>
configure:21460: result: no
configure:21464: checking sys/dl.h presence
configure:21474: gcc -E  conftest.c
conftest.c:49:20: error: sys/dl.h: No such file or directory
configure:21480: $? = 1
configure: failed program was:
| /* confdefs.h.  */
| 
| #define PACKAGE_NAME "scim-canna"
| #define PACKAGE_TARNAME "scim-canna"
| #define PACKAGE_VERSION "0.1.0"
| #define PACKAGE_STRING "scim-canna 0.1.0"
| #define PACKAGE_BUGREPORT "poincare@ikezoe.net"
| #define PACKAGE "scim-canna"
| #define VERSION "0.1.0"
| #define GETTEXT_PACKAGE "scim-canna"
| #define STDC_HEADERS 1
| #define HAVE_SYS_TYPES_H 1
| #define HAVE_SYS_STAT_H 1
| #define HAVE_STDLIB_H 1
| #define HAVE_STRING_H 1
| #define HAVE_MEMORY_H 1
| #define HAVE_STRINGS_H 1
| #define HAVE_INTTYPES_H 1
| #define HAVE_STDINT_H 1
| #define HAVE_UNISTD_H 1
| #define HAVE_DLFCN_H 1
| #ifdef __cplusplus
| extern "C" void std::exit (int) throw (); using std::exit;
| #endif
| #define HAVE_DIRENT_H 1
| #define LTDL_SHLIB_EXT ".so"
| #define LTDL_SHLIBPATH_VAR "LD_LIBRARY_PATH"
| #define LTDL_SYSSEARCHPATH "/lib:/usr/lib:/usr/lib/qt-3.3/lib:/usr/X11R6/lib:/usr/X11R6/lib:/usr/lib/mysql:/usr/lib/wine:/usr/local/PCM/PCM4/Dist/lib"
| #define LTDL_OBJDIR ".libs/"
| #define HAVE_PRELOADED_SYMBOLS 1
| #define HAVE_LIBDL 1
| #define HAVE_DLERROR 1
| #define HAVE_ARGZ_H 1
| #define HAVE_ERROR_T 1
| #define HAVE_ARGZ_APPEND 1
| #define HAVE_ARGZ_CREATE_SEP 1
| #define HAVE_ARGZ_INSERT 1
| #define HAVE_ARGZ_NEXT 1
| #define HAVE_ARGZ_STRINGIFY 1
| #define HAVE_ASSERT_H 1
| #define HAVE_CTYPE_H 1
| #define HAVE_ERRNO_H 1
| #define HAVE_MALLOC_H 1
| #define HAVE_MEMORY_H 1
| #define HAVE_STDLIB_H 1
| #define HAVE_STDIO_H 1
| #define HAVE_UNISTD_H 1
| /* end confdefs.h.  */
| #include <sys/dl.h>
configure:21500: result: no
configure:21535: checking for sys/dl.h
configure:21542: result: no
configure:21419: checking dld.h usability
configure:21431: gcc -c -g -O2  conftest.c >&5
conftest.c:83:17: error: dld.h: No such file or directory
configure:21437: $? = 1
configure: failed program was:
| /* confdefs.h.  */
| 
| #define PACKAGE_NAME "scim-canna"
| #define PACKAGE_TARNAME "scim-canna"
| #define PACKAGE_VERSION "0.1.0"
| #define PACKAGE_STRING "scim-canna 0.1.0"
| #define PACKAGE_BUGREPORT "poincare@ikezoe.net"
| #define PACKAGE "scim-canna"
| #define VERSION "0.1.0"
| #define GETTEXT_PACKAGE "scim-canna"
| #define STDC_HEADERS 1
| #define HAVE_SYS_TYPES_H 1
| #define HAVE_SYS_STAT_H 1
| #define HAVE_STDLIB_H 1
| #define HAVE_STRING_H 1
| #define HAVE_MEMORY_H 1
| #define HAVE_STRINGS_H 1
| #define HAVE_INTTYPES_H 1
| #define HAVE_STDINT_H 1
| #define HAVE_UNISTD_H 1
| #define HAVE_DLFCN_H 1
| #ifdef __cplusplus
| extern "C" void std::exit (int) throw (); using std::exit;
| #endif
| #define HAVE_DIRENT_H 1
| #define LTDL_SHLIB_EXT ".so"
| #define LTDL_SHLIBPATH_VAR "LD_LIBRARY_PATH"
| #define LTDL_SYSSEARCHPATH "/lib:/usr/lib:/usr/lib/qt-3.3/lib:/usr/X11R6/lib:/usr/X11R6/lib:/usr/lib/mysql:/usr/lib/wine:/usr/local/PCM/PCM4/Dist/lib"
| #define LTDL_OBJDIR ".libs/"
| #define HAVE_PRELOADED_SYMBOLS 1
| #define HAVE_LIBDL 1
| #define HAVE_DLERROR 1
| #define HAVE_ARGZ_H 1
| #define HAVE_ERROR_T 1
| #define HAVE_ARGZ_APPEND 1
| #define HAVE_ARGZ_CREATE_SEP 1
| #define HAVE_ARGZ_INSERT 1
| #define HAVE_ARGZ_NEXT 1
| #define HAVE_ARGZ_STRINGIFY 1
| #define HAVE_ASSERT_H 1
| #define HAVE_CTYPE_H 1
| #define HAVE_ERRNO_H 1
| #define HAVE_MALLOC_H 1
| #define HAVE_MEMORY_H 1
| #define HAVE_STDLIB_H 1
| #define HAVE_STDIO_H 1
| #define HAVE_UNISTD_H 1
| /* end confdefs.h.  */
| #include <stdio.h>
| #if HAVE_SYS_TYPES_H
| # include <sys/types.h>
| #endif
| #if HAVE_SYS_STAT_H
| # include <sys/stat.h>
| #endif
| #if STDC_HEADERS
| # include <stdlib.h>
| # include <stddef.h>
| #else
| # if HAVE_STDLIB_H
| #  include <stdlib.h>
| # endif
| #endif
| #if HAVE_STRING_H
| # if !STDC_HEADERS && HAVE_MEMORY_H
| #  include <memory.h>
| # endif
| # include <string.h>
| #endif
| #if HAVE_STRINGS_H
| # include <strings.h>
| #endif
| #if HAVE_INTTYPES_H
| # include <inttypes.h>
| #else
| # if HAVE_STDINT_H
| #  include <stdint.h>
| # endif
| #endif
| #if HAVE_UNISTD_H
| # include <unistd.h>
| #endif
| #include <dld.h>
configure:21460: result: no
configure:21464: checking dld.h presence
configure:21474: gcc -E  conftest.c
conftest.c:49:17: error: dld.h: No such file or directory
configure:21480: $? = 1
configure: failed program was:
| /* confdefs.h.  */
| 
| #define PACKAGE_NAME "scim-canna"
| #define PACKAGE_TARNAME "scim-canna"
| #define PACKAGE_VERSION "0.1.0"
| #define PACKAGE_STRING "scim-canna 0.1.0"
| #define PACKAGE_BUGREPORT "poincare@ikezoe.net"
| #define PACKAGE "scim-canna"
| #define VERSION "0.1.0"
| #define GETTEXT_PACKAGE "scim-canna"
| #define STDC_HEADERS 1
| #define HAVE_SYS_TYPES_H 1
| #define HAVE_SYS_STAT_H 1
| #define HAVE_STDLIB_H 1
| #define HAVE_STRING_H 1
| #define HAVE_MEMORY_H 1
| #define HAVE_STRINGS_H 1
| #define HAVE_INTTYPES_H 1
| #define HAVE_STDINT_H 1
| #define HAVE_UNISTD_H 1
| #define HAVE_DLFCN_H 1
| #ifdef __cplusplus
| extern "C" void std::exit (int) throw (); using std::exit;
| #endif
| #define HAVE_DIRENT_H 1
| #define LTDL_SHLIB_EXT ".so"
| #define LTDL_SHLIBPATH_VAR "LD_LIBRARY_PATH"
| #define LTDL_SYSSEARCHPATH "/lib:/usr/lib:/usr/lib/qt-3.3/lib:/usr/X11R6/lib:/usr/X11R6/lib:/usr/lib/mysql:/usr/lib/wine:/usr/local/PCM/PCM4/Dist/lib"
| #define LTDL_OBJDIR ".libs/"
| #define HAVE_PRELOADED_SYMBOLS 1
| #define HAVE_LIBDL 1
| #define HAVE_DLERROR 1
| #define HAVE_ARGZ_H 1
| #define HAVE_ERROR_T 1
| #define HAVE_ARGZ_APPEND 1
| #define HAVE_ARGZ_CREATE_SEP 1
| #define HAVE_ARGZ_INSERT 1
| #define HAVE_ARGZ_NEXT 1
| #define HAVE_ARGZ_STRINGIFY 1
| #define HAVE_ASSERT_H 1
| #define HAVE_CTYPE_H 1
| #define HAVE_ERRNO_H 1
| #define HAVE_MALLOC_H 1
| #define HAVE_MEMORY_H 1
| #define HAVE_STDLIB_H 1
| #define HAVE_STDIO_H 1
| #define HAVE_UNISTD_H 1
| /* end confdefs.h.  */
| #include <dld.h>
configure:21500: result: no
configure:21535: checking for dld.h
configure:21542: result: no
configure:21419: checking mach-o/dyld.h usability
configure:21431: gcc -c -g -O2  conftest.c >&5
conftest.c:83:25: error: mach-o/dyld.h: No such file or directory
configure:21437: $? = 1
configure: failed program was:
| /* confdefs.h.  */
| 
| #define PACKAGE_NAME "scim-canna"
| #define PACKAGE_TARNAME "scim-canna"
| #define PACKAGE_VERSION "0.1.0"
| #define PACKAGE_STRING "scim-canna 0.1.0"
| #define PACKAGE_BUGREPORT "poincare@ikezoe.net"
| #define PACKAGE "scim-canna"
| #define VERSION "0.1.0"
| #define GETTEXT_PACKAGE "scim-canna"
| #define STDC_HEADERS 1
| #define HAVE_SYS_TYPES_H 1
| #define HAVE_SYS_STAT_H 1
| #define HAVE_STDLIB_H 1
| #define HAVE_STRING_H 1
| #define HAVE_MEMORY_H 1
| #define HAVE_STRINGS_H 1
| #define HAVE_INTTYPES_H 1
| #define HAVE_STDINT_H 1
| #define HAVE_UNISTD_H 1
| #define HAVE_DLFCN_H 1
| #ifdef __cplusplus
| extern "C" void std::exit (int) throw (); using std::exit;
| #endif
| #define HAVE_DIRENT_H 1
| #define LTDL_SHLIB_EXT ".so"
| #define LTDL_SHLIBPATH_VAR "LD_LIBRARY_PATH"
| #define LTDL_SYSSEARCHPATH "/lib:/usr/lib:/usr/lib/qt-3.3/lib:/usr/X11R6/lib:/usr/X11R6/lib:/usr/lib/mysql:/usr/lib/wine:/usr/local/PCM/PCM4/Dist/lib"
| #define LTDL_OBJDIR ".libs/"
| #define HAVE_PRELOADED_SYMBOLS 1
| #define HAVE_LIBDL 1
| #define HAVE_DLERROR 1
| #define HAVE_ARGZ_H 1
| #define HAVE_ERROR_T 1
| #define HAVE_ARGZ_APPEND 1
| #define HAVE_ARGZ_CREATE_SEP 1
| #define HAVE_ARGZ_INSERT 1
| #define HAVE_ARGZ_NEXT 1
| #define HAVE_ARGZ_STRINGIFY 1
| #define HAVE_ASSERT_H 1
| #define HAVE_CTYPE_H 1
| #define HAVE_ERRNO_H 1
| #define HAVE_MALLOC_H 1
| #define HAVE_MEMORY_H 1
| #define HAVE_STDLIB_H 1
| #define HAVE_STDIO_H 1
| #define HAVE_UNISTD_H 1
| /* end confdefs.h.  */
| #include <stdio.h>
| #if HAVE_SYS_TYPES_H
| # include <sys/types.h>
| #endif
| #if HAVE_SYS_STAT_H
| # include <sys/stat.h>
| #endif
| #if STDC_HEADERS
| # include <stdlib.h>
| # include <stddef.h>
| #else
| # if HAVE_STDLIB_H
| #  include <stdlib.h>
| # endif
| #endif
| #if HAVE_STRING_H
| # if !STDC_HEADERS && HAVE_MEMORY_H
| #  include <memory.h>
| # endif
| # include <string.h>
| #endif
| #if HAVE_STRINGS_H
| # include <strings.h>
| #endif
| #if HAVE_INTTYPES_H
| # include <inttypes.h>
| #else
| # if HAVE_STDINT_H
| #  include <stdint.h>
| # endif
| #endif
| #if HAVE_UNISTD_H
| # include <unistd.h>
| #endif
| #include <mach-o/dyld.h>
configure:21460: result: no
configure:21464: checking mach-o/dyld.h presence
configure:21474: gcc -E  conftest.c
conftest.c:49:25: error: mach-o/dyld.h: No such file or directory
configure:21480: $? = 1
configure: failed program was:
| /* confdefs.h.  */
| 
| #define PACKAGE_NAME "scim-canna"
| #define PACKAGE_TARNAME "scim-canna"
| #define PACKAGE_VERSION "0.1.0"
| #define PACKAGE_STRING "scim-canna 0.1.0"
| #define PACKAGE_BUGREPORT "poincare@ikezoe.net"
| #define PACKAGE "scim-canna"
| #define VERSION "0.1.0"
| #define GETTEXT_PACKAGE "scim-canna"
| #define STDC_HEADERS 1
| #define HAVE_SYS_TYPES_H 1
| #define HAVE_SYS_STAT_H 1
| #define HAVE_STDLIB_H 1
| #define HAVE_STRING_H 1
| #define HAVE_MEMORY_H 1
| #define HAVE_STRINGS_H 1
| #define HAVE_INTTYPES_H 1
| #define HAVE_STDINT_H 1
| #define HAVE_UNISTD_H 1
| #define HAVE_DLFCN_H 1
| #ifdef __cplusplus
| extern "C" void std::exit (int) throw (); using std::exit;
| #endif
| #define HAVE_DIRENT_H 1
| #define LTDL_SHLIB_EXT ".so"
| #define LTDL_SHLIBPATH_VAR "LD_LIBRARY_PATH"
| #define LTDL_SYSSEARCHPATH "/lib:/usr/lib:/usr/lib/qt-3.3/lib:/usr/X11R6/lib:/usr/X11R6/lib:/usr/lib/mysql:/usr/lib/wine:/usr/local/PCM/PCM4/Dist/lib"
| #define LTDL_OBJDIR ".libs/"
| #define HAVE_PRELOADED_SYMBOLS 1
| #define HAVE_LIBDL 1
| #define HAVE_DLERROR 1
| #define HAVE_ARGZ_H 1
| #define HAVE_ERROR_T 1
| #define HAVE_ARGZ_APPEND 1
| #define HAVE_ARGZ_CREATE_SEP 1
| #define HAVE_ARGZ_INSERT 1
| #define HAVE_ARGZ_NEXT 1
| #define HAVE_ARGZ_STRINGIFY 1
| #define HAVE_ASSERT_H 1
| #define HAVE_CTYPE_H 1
| #define HAVE_ERRNO_H 1
| #define HAVE_MALLOC_H 1
| #define HAVE_MEMORY_H 1
| #define HAVE_STDLIB_H 1
| #define HAVE_STDIO_H 1
| #define HAVE_UNISTD_H 1
| /* end confdefs.h.  */
| #include <mach-o/dyld.h>
configure:21500: result: no
configure:21535: checking for mach-o/dyld.h
configure:21542: result: no
configure:21561: checking for string.h
configure:21566: result: yes
configure:21712: checking for strchr
configure:21769: gcc -o conftest -g -O2   conftest.c  >&5
conftest.c:74: warning: conflicting types for built-in function 'strchr'
configure:21775: $? = 0
configure:21779: test -z 
			 || test ! -s conftest.err
configure:21782: $? = 0
configure:21785: test -s conftest
configure:21788: $? = 0
configure:21800: result: yes
configure:21815: checking for strrchr
configure:21872: gcc -o conftest -g -O2   conftest.c  >&5
conftest.c:75: warning: conflicting types for built-in function 'strrchr'
configure:21878: $? = 0
configure:21882: test -z 
			 || test ! -s conftest.err
configure:21885: $? = 0
configure:21888: test -s conftest
configure:21891: $? = 0
configure:21903: result: yes
configure:21918: checking for memcpy
configure:21975: gcc -o conftest -g -O2   conftest.c  >&5
conftest.c:76: warning: conflicting types for built-in function 'memcpy'
configure:21981: $? = 0
configure:21985: test -z 
			 || test ! -s conftest.err
configure:21988: $? = 0
configure:21991: test -s conftest
configure:21994: $? = 0
configure:22006: result: yes
configure:22021: checking for memmove
configure:22078: gcc -o conftest -g -O2   conftest.c  >&5
conftest.c:77: warning: conflicting types for built-in function 'memmove'
configure:22084: $? = 0
configure:22088: test -z 
			 || test ! -s conftest.err
configure:22091: $? = 0
configure:22094: test -s conftest
configure:22097: $? = 0
configure:22109: result: yes
configure:22021: checking for strcmp
configure:22078: gcc -o conftest -g -O2   conftest.c  >&5
conftest.c:78: warning: conflicting types for built-in function 'strcmp'
configure:22084: $? = 0
configure:22088: test -z 
			 || test ! -s conftest.err
configure:22091: $? = 0
configure:22094: test -s conftest
configure:22097: $? = 0
configure:22109: result: yes
configure:22125: checking for closedir
configure:22182: gcc -o conftest -g -O2   conftest.c  >&5
configure:22188: $? = 0
configure:22192: test -z 
			 || test ! -s conftest.err
configure:22195: $? = 0
configure:22198: test -s conftest
configure:22201: $? = 0
configure:22213: result: yes
configure:22125: checking for opendir
configure:22182: gcc -o conftest -g -O2   conftest.c  >&5
configure:22188: $? = 0
configure:22192: test -z 
			 || test ! -s conftest.err
configure:22195: $? = 0
configure:22198: test -s conftest
configure:22201: $? = 0
configure:22213: result: yes
configure:22125: checking for readdir
configure:22182: gcc -o conftest -g -O2   conftest.c  >&5
configure:22188: $? = 0
configure:22192: test -z 
			 || test ! -s conftest.err
configure:22195: $? = 0
configure:22198: test -s conftest
configure:22201: $? = 0
configure:22213: result: yes
configure:22321: checking for C++ compiler version
configure:22324: g++ --version </dev/null >&5
g++ (GCC) 4.0.0 20050405 (Red Hat 4.0.0-0.40)
Copyright (C) 2005 Free Software Foundation, Inc.
This is free software; see the source for copying conditions.  There is NO
warranty; not even for MERCHANTABILITY or FITNESS FOR A PARTICULAR PURPOSE.

configure:22327: $? = 0
configure:22329: g++ -v </dev/null >&5
Using built-in specs.
Target: i386-redhat-linux
Configured with: ../configure --prefix=/usr --mandir=/usr/share/man --infodir=/usr/share/info --enable-shared --enable-threads=posix --enable-checking=release --with-system-zlib --enable-__cxa_atexit --disable-libunwind-exceptions --enable-languages=c,c++,objc,java,f95,ada --enable-java-awt=gtk --host=i386-redhat-linux
Thread model: posix
gcc version 4.0.0 20050405 (Red Hat 4.0.0-0.40)
configure:22332: $? = 0
configure:22334: g++ -V </dev/null >&5
g++: '-V' option must have argument
configure:22337: $? = 1
configure:22340: checking whether we are using the GNU C++ compiler
configure:22396: result: yes
configure:22402: checking whether g++ accepts -g
configure:22453: result: yes
configure:22495: g++ -c -g -O2  conftest.cc >&5
configure:22501: $? = 0
configure:22505: test -z 
			 || test ! -s conftest.err
configure:22508: $? = 0
configure:22511: test -s conftest.o
configure:22514: $? = 0
configure:22540: g++ -c -g -O2  conftest.cc >&5
configure:22546: $? = 0
configure:22550: test -z 
			 || test ! -s conftest.err
configure:22553: $? = 0
configure:22556: test -s conftest.o
configure:22559: $? = 0
configure:22584: checking dependency style of g++
configure:22674: result: gcc3
configure:22737: checking for gcc
configure:22763: result: gcc
configure:23007: checking for C compiler version
configure:23010: gcc --version </dev/null >&5
gcc (GCC) 4.0.0 20050405 (Red Hat 4.0.0-0.40)
Copyright (C) 2005 Free Software Foundation, Inc.
This is free software; see the source for copying conditions.  There is NO
warranty; not even for MERCHANTABILITY or FITNESS FOR A PARTICULAR PURPOSE.

configure:23013: $? = 0
configure:23015: gcc -v </dev/null >&5
Using built-in specs.
Target: i386-redhat-linux
Configured with: ../configure --prefix=/usr --mandir=/usr/share/man --infodir=/usr/share/info --enable-shared --enable-threads=posix --enable-checking=release --with-system-zlib --enable-__cxa_atexit --disable-libunwind-exceptions --enable-languages=c,c++,objc,java,f95,ada --enable-java-awt=gtk --host=i386-redhat-linux
Thread model: posix
gcc version 4.0.0 20050405 (Red Hat 4.0.0-0.40)
configure:23018: $? = 0
configure:23020: gcc -V </dev/null >&5
gcc: '-V' option must have argument
configure:23023: $? = 1
configure:23026: checking whether we are using the GNU C compiler
configure:23082: result: yes
configure:23088: checking whether gcc accepts -g
configure:23139: result: yes
configure:23156: checking for gcc option to accept ANSI C
configure:23263: result: none needed
configure:23281: gcc -c -g -O2  conftest.c >&5
conftest.c:2: error: syntax error before 'me'
configure:23287: $? = 1
configure: failed program was:
| #ifndef __cplusplus
|   choke me
| #endif
configure:23422: checking dependency style of gcc
configure:23512: result: gcc3
configure:23536: checking for an ANSI C-conforming const
configure:23633: result: yes
configure:23643: checking for size_t
configure:23667: g++ -c -g -O2  conftest.cc >&5
configure:23673: $? = 0
configure:23677: test -z 
			 || test ! -s conftest.err
configure:23680: $? = 0
configure:23683: test -s conftest.o
configure:23686: $? = 0
configure:23697: result: yes
configure:23720: checking for pkg-config
configure:23738: found /usr/bin/pkg-config
configure:23751: result: /usr/bin/pkg-config
configure:23768: checking for scim >= 0.99.8
configure:23772: result: yes
configure:23776: checking SCIM_CFLAGS
configure:23779: result: -I/usr/include/scim-1.0  
configure:23782: checking SCIM_LIBS
configure:23785: result: -lscim-1.0  
configure:23868: checking for scim-gtkutils >= 0.99.8
configure:23872: result: yes
configure:23876: checking SCIM_GTKUTILS_CFLAGS
configure:23879: result: -DXTHREADS -D_REENTRANT -DXUSE_MTSAFE_API -I/usr/include/scim-1.0 -I/usr/include/gtk-2.0 -I/usr/lib/gtk-2.0/include -I/usr/X11R6/include -I/usr/include/atk-1.0 -I/usr/include/pango-1.0 -I/usr/include/freetype2 -I/usr/include/freetype2/config -I/usr/include/glib-2.0 -I/usr/lib/glib-2.0/include  
configure:23882: checking SCIM_GTKUTILS_LIBS
configure:23885: result: -Wl,--export-dynamic -lscim-gtkutils-1.0 -lgtk-x11-2.0 -lscim-1.0 -lgdk-x11-2.0 -latk-1.0 -lgdk_pixbuf-2.0 -lm -lpangoxft-1.0 -lpangox-1.0 -lpango-1.0 -lgobject-2.0 -lgmodule-2.0 -ldl -lglib-2.0  
configure:23935: checking for ANSI C header files
configure:24088: result: yes
configure:24100: checking for working alloca.h
configure:24121: g++ -o conftest -g -O2   conftest.cc  >&5
configure:24127: $? = 0
configure:24131: test -z 
			 || test ! -s conftest.err
configure:24134: $? = 0
configure:24137: test -s conftest
configure:24140: $? = 0
configure:24152: result: yes
configure:24162: checking for alloca
configure:24203: g++ -o conftest -g -O2   conftest.cc  >&5
configure:24209: $? = 0
configure:24213: test -z 
			 || test ! -s conftest.err
configure:24216: $? = 0
configure:24219: test -s conftest
configure:24222: $? = 0
configure:24234: result: yes
configure:24479: checking for argz.h
configure:24484: result: yes
configure:24488: checking fcntl.h usability
configure:24500: g++ -c -g -O2  conftest.cc >&5
configure:24506: $? = 0
configure:24510: test -z 
			 || test ! -s conftest.err
configure:24513: $? = 0
configure:24516: test -s conftest.o
configure:24519: $? = 0
configure:24529: result: yes
configure:24533: checking fcntl.h presence
configure:24543: g++ -E  conftest.cc
configure:24549: $? = 0
configure:24569: result: yes
configure:24604: checking for fcntl.h
configure:24611: result: yes
configure:24488: checking float.h usability
configure:24500: g++ -c -g -O2  conftest.cc >&5
configure:24506: $? = 0
configure:24510: test -z 
			 || test ! -s conftest.err
configure:24513: $? = 0
configure:24516: test -s conftest.o
configure:24519: $? = 0
configure:24529: result: yes
configure:24533: checking float.h presence
configure:24543: g++ -E  conftest.cc
configure:24549: $? = 0
configure:24569: result: yes
configure:24604: checking for float.h
configure:24611: result: yes
configure:24479: checking for inttypes.h
configure:24484: result: yes
configure:24488: checking langinfo.h usability
configure:24500: g++ -c -g -O2  conftest.cc >&5
configure:24506: $? = 0
configure:24510: test -z 
			 || test ! -s conftest.err
configure:24513: $? = 0
configure:24516: test -s conftest.o
configure:24519: $? = 0
configure:24529: result: yes
configure:24533: checking langinfo.h presence
configure:24543: g++ -E  conftest.cc
configure:24549: $? = 0
configure:24569: result: yes
configure:24604: checking for langinfo.h
configure:24611: result: yes
configure:24488: checking libintl.h usability
configure:24500: g++ -c -g -O2  conftest.cc >&5
configure:24506: $? = 0
configure:24510: test -z 
			 || test ! -s conftest.err
configure:24513: $? = 0
configure:24516: test -s conftest.o
configure:24519: $? = 0
configure:24529: result: yes
configure:24533: checking libintl.h presence
configure:24543: g++ -E  conftest.cc
configure:24549: $? = 0
configure:24569: result: yes
configure:24604: checking for libintl.h
configure:24611: result: yes
configure:24488: checking limits.h usability
configure:24500: g++ -c -g -O2  conftest.cc >&5
configure:24506: $? = 0
configure:24510: test -z 
			 || test ! -s conftest.err
configure:24513: $? = 0
configure:24516: test -s conftest.o
configure:24519: $? = 0
configure:24529: result: yes
configure:24533: checking limits.h presence
configure:24543: g++ -E  conftest.cc
configure:24549: $? = 0
configure:24569: result: yes
configure:24604: checking for limits.h
configure:24611: result: yes
configure:24488: checking locale.h usability
configure:24500: g++ -c -g -O2  conftest.cc >&5
configure:24506: $? = 0
configure:24510: test -z 
			 || test ! -s conftest.err
configure:24513: $? = 0
configure:24516: test -s conftest.o
configure:24519: $? = 0
configure:24529: result: yes
configure:24533: checking locale.h presence
configure:24543: g++ -E  conftest.cc
configure:24549: $? = 0
configure:24569: result: yes
configure:24604: checking for locale.h
configure:24611: result: yes
configure:24479: checking for malloc.h
configure:24484: result: yes
configure:24488: checking stddef.h usability
configure:24500: g++ -c -g -O2  conftest.cc >&5
configure:24506: $? = 0
configure:24510: test -z 
			 || test ! -s conftest.err
configure:24513: $? = 0
configure:24516: test -s conftest.o
configure:24519: $? = 0
configure:24529: result: yes
configure:24533: checking stddef.h presence
configure:24543: g++ -E  conftest.cc
configure:24549: $? = 0
configure:24569: result: yes
configure:24604: checking for stddef.h
configure:24611: result: yes
configure:24479: checking for stdint.h
configure:24484: result: yes
configure:24488: checking stdio_ext.h usability
configure:24500: g++ -c -g -O2  conftest.cc >&5
configure:24506: $? = 0
configure:24510: test -z 
			 || test ! -s conftest.err
configure:24513: $? = 0
configure:24516: test -s conftest.o
configure:24519: $? = 0
configure:24529: result: yes
configure:24533: checking stdio_ext.h presence
configure:24543: g++ -E  conftest.cc
configure:24549: $? = 0
configure:24569: result: yes
configure:24604: checking for stdio_ext.h
configure:24611: result: yes
configure:24479: checking for stdlib.h
configure:24484: result: yes
configure:24479: checking for string.h
configure:24484: result: yes
configure:24479: checking for strings.h
configure:24484: result: yes
configure:24488: checking sys/param.h usability
configure:24500: g++ -c -g -O2  conftest.cc >&5
configure:24506: $? = 0
configure:24510: test -z 
			 || test ! -s conftest.err
configure:24513: $? = 0
configure:24516: test -s conftest.o
configure:24519: $? = 0
configure:24529: result: yes
configure:24533: checking sys/param.h presence
configure:24543: g++ -E  conftest.cc
configure:24549: $? = 0
configure:24569: result: yes
configure:24604: checking for sys/param.h
configure:24611: result: yes
configure:24479: checking for unistd.h
configure:24484: result: yes
configure:24488: checking wchar.h usability
configure:24500: g++ -c -g -O2  conftest.cc >&5
configure:24506: $? = 0
configure:24510: test -z 
			 || test ! -s conftest.err
configure:24513: $? = 0
configure:24516: test -s conftest.o
configure:24519: $? = 0
configure:24529: result: yes
configure:24533: checking wchar.h presence
configure:24543: g++ -E  conftest.cc
configure:24549: $? = 0
configure:24569: result: yes
configure:24604: checking for wchar.h
configure:24611: result: yes
configure:24840: creating ./config.status

## ---------------------- ##
## Running config.status. ##
## ---------------------- ##

This file was extended by scim-canna config.status 0.1.0, which was
generated by GNU Autoconf 2.59.  Invocation command line was

  CONFIG_FILES    = 
  CONFIG_HEADERS  = 
  CONFIG_LINKS    = 
  CONFIG_COMMANDS = 
  $ ./config.status 

on mai.yui.mine.nu

config.status:741: creating Makefile
config.status:741: creating src/Makefile
config.status:741: creating data/Makefile
config.status:845: creating config.h
config.status:1079: config.h is unchanged
config.status:1259: executing depfiles commands

## ---------------- ##
## Cache variables. ##
## ---------------- ##

ac_cv_build=i686-pc-linux-gnu
ac_cv_build_alias=i686-pc-linux-gnu
ac_cv_c_compiler_gnu=yes
ac_cv_c_const=yes
ac_cv_cxx_compiler_gnu=yes
ac_cv_env_CC_set=
ac_cv_env_CC_value=
ac_cv_env_CFLAGS_set=
ac_cv_env_CFLAGS_value=
ac_cv_env_CPPFLAGS_set=
ac_cv_env_CPPFLAGS_value=
ac_cv_env_CPP_set=
ac_cv_env_CPP_value=
ac_cv_env_CXXCPP_set=
ac_cv_env_CXXCPP_value=
ac_cv_env_CXXFLAGS_set=
ac_cv_env_CXXFLAGS_value=
ac_cv_env_CXX_set=
ac_cv_env_CXX_value=
ac_cv_env_F77_set=
ac_cv_env_F77_value=
ac_cv_env_FFLAGS_set=
ac_cv_env_FFLAGS_value=
ac_cv_env_LDFLAGS_set=
ac_cv_env_LDFLAGS_value=
ac_cv_env_build_alias_set=
ac_cv_env_build_alias_value=
ac_cv_env_host_alias_set=
ac_cv_env_host_alias_value=
ac_cv_env_target_alias_set=
ac_cv_env_target_alias_value=
ac_cv_exeext=
ac_cv_f77_compiler_gnu=no
ac_cv_func_alloca_works=yes
ac_cv_func_argz_append=yes
ac_cv_func_argz_create_sep=yes
ac_cv_func_argz_insert=yes
ac_cv_func_argz_next=yes
ac_cv_func_argz_stringify=yes
ac_cv_func_closedir=yes
ac_cv_func_dlerror=yes
ac_cv_func_dlopen=no
ac_cv_func_memcpy=yes
ac_cv_func_memmove=yes
ac_cv_func_opendir=yes
ac_cv_func_readdir=yes
ac_cv_func_shl_load=no
ac_cv_func_strchr=yes
ac_cv_func_strcmp=yes
ac_cv_func_strrchr=yes
ac_cv_header_argz_h=yes
ac_cv_header_assert_h=yes
ac_cv_header_ctype_h=yes
ac_cv_header_dirent_dirent_h=yes
ac_cv_header_dl_h=no
ac_cv_header_dld_h=no
ac_cv_header_dlfcn_h=yes
ac_cv_header_errno_h=yes
ac_cv_header_fcntl_h=yes
ac_cv_header_float_h=yes
ac_cv_header_inttypes_h=yes
ac_cv_header_langinfo_h=yes
ac_cv_header_libintl_h=yes
ac_cv_header_limits_h=yes
ac_cv_header_locale_h=yes
ac_cv_header_mach_o_dyld_h=no
ac_cv_header_malloc_h=yes
ac_cv_header_memory_h=yes
ac_cv_header_stdc=yes
ac_cv_header_stddef_h=yes
ac_cv_header_stdint_h=yes
ac_cv_header_stdio_ext_h=yes
ac_cv_header_stdio_h=yes
ac_cv_header_stdlib_h=yes
ac_cv_header_string_h=yes
ac_cv_header_strings_h=yes
ac_cv_header_sys_dl_h=no
ac_cv_header_sys_param_h=yes
ac_cv_header_sys_stat_h=yes
ac_cv_header_sys_types_h=yes
ac_cv_header_unistd_h=yes
ac_cv_header_wchar_h=yes
ac_cv_host=i686-pc-linux-gnu
ac_cv_host_alias=i686-pc-linux-gnu
ac_cv_lib_dl_dlopen=yes
ac_cv_lib_dld_shl_load=no
ac_cv_objext=o
ac_cv_path_PKG_CONFIG=/usr/bin/pkg-config
ac_cv_path_install='/usr/bin/install -c'
ac_cv_prog_AWK=gawk
ac_cv_prog_CPP='gcc -E'
ac_cv_prog_CXXCPP='g++ -E'
ac_cv_prog_ac_ct_AR=ar
ac_cv_prog_ac_ct_CC=gcc
ac_cv_prog_ac_ct_CXX=g++
ac_cv_prog_ac_ct_RANLIB=ranlib
ac_cv_prog_ac_ct_STRIP=strip
ac_cv_prog_cc_g=yes
ac_cv_prog_cc_stdc=
ac_cv_prog_cxx_g=yes
ac_cv_prog_egrep='grep -E'
ac_cv_prog_f77_g=no
ac_cv_prog_make_make_set=yes
ac_cv_search_opendir='none required'
ac_cv_sys_symbol_underscore=no
ac_cv_type_error_t=yes
ac_cv_type_size_t=yes
ac_cv_working_alloca_h=yes
am_cv_CC_dependencies_compiler_type=gcc3
am_cv_CXX_dependencies_compiler_type=gcc3
libltdl_cv_lib_dl_dlopen=yes
libltdl_cv_objdir=.libs
libltdl_cv_preloaded_symbols=yes
libltdl_cv_shlibext=.so
libltdl_cv_shlibpath_var=LD_LIBRARY_PATH
libltdl_cv_sys_dlopen_deplibs=yes
libltdl_cv_sys_search_path='/lib /usr/lib /usr/lib/qt-3.3/lib /usr/X11R6/lib /usr/X11R6/lib /usr/lib/mysql /usr/lib/wine /usr/local/PCM/PCM4/Dist/lib '
lt_cv_deplibs_check_method=pass_all
lt_cv_dlopen=dlopen
lt_cv_dlopen_libs=-ldl
lt_cv_dlopen_self=yes
lt_cv_dlopen_self_static=yes
lt_cv_file_magic_cmd='$MAGIC_CMD'
lt_cv_file_magic_test_file=
lt_cv_ld_reload_flag=-r
lt_cv_objdir=.libs
lt_cv_path_LD=/usr/bin/ld
lt_cv_path_LDCXX=/usr/bin/ld
lt_cv_path_NM='/usr/bin/nm -B'
lt_cv_path_SED=/bin/sed
lt_cv_prog_compiler_c_o=yes
lt_cv_prog_compiler_c_o_CXX=yes
lt_cv_prog_compiler_rtti_exceptions=no
lt_cv_prog_gnu_ld=yes
lt_cv_prog_gnu_ldcxx=yes
lt_cv_sys_global_symbol_pipe='sed -n -e '\''s/^.*[ 	]\([ABCDGIRSTW][ABCDGIRSTW]*\)[ 	][ 	]*\([_A-Za-z][_A-Za-z0-9]*\)$/\1 \2 \2/p'\'''
lt_cv_sys_global_symbol_to_c_name_address='sed -n -e '\''s/^: \([^ ]*\) $/  {\"\1\", (lt_ptr) 0},/p'\'' -e '\''s/^[BCDEGRST] \([^ ]*\) \([^ ]*\)$/  {"\2", (lt_ptr) \&\2},/p'\'''
lt_cv_sys_global_symbol_to_cdecl='sed -n -e '\''s/^. .* \(.*\)$/extern int \1;/p'\'''
lt_cv_sys_max_cmd_len=32768
lt_lt_cv_prog_compiler_c_o='"yes"'
lt_lt_cv_prog_compiler_c_o_CXX='"yes"'
lt_lt_cv_sys_global_symbol_pipe='"sed -n -e '\''s/^.*[ 	]\\([ABCDGIRSTW][ABCDGIRSTW]*\\)[ 	][ 	]*\\([_A-Za-z][_A-Za-z0-9]*\\)\$/\\1 \\2 \\2/p'\''"'
lt_lt_cv_sys_global_symbol_to_c_name_address='"sed -n -e '\''s/^: \\([^ ]*\\) \$/  {\\\"\\1\\\", (lt_ptr) 0},/p'\'' -e '\''s/^[BCDEGRST] \\([^ ]*\\) \\([^ ]*\\)\$/  {\"\\2\", (lt_ptr) \\&\\2},/p'\''"'
lt_lt_cv_sys_global_symbol_to_cdecl='"sed -n -e '\''s/^. .* \\(.*\\)\$/extern int \\1;/p'\''"'

## ----------------- ##
## Output variables. ##
## ----------------- ##

ACLOCAL='${SHELL} /root/redhat/SOURCES/scim/scim-whiz-0.0.1/missing --run aclocal-1.9'
ALLOCA=''
AMDEPBACKSLASH='\'
AMDEP_FALSE='#'
AMDEP_TRUE=''
AMTAR='${SHELL} /root/redhat/SOURCES/scim/scim-whiz-0.0.1/missing --run tar'
AR='ar'
AUTOCONF='${SHELL} /root/redhat/SOURCES/scim/scim-whiz-0.0.1/missing --run autoconf'
AUTOHEADER='${SHELL} /root/redhat/SOURCES/scim/scim-whiz-0.0.1/missing --run autoheader'
AUTOMAKE='${SHELL} /root/redhat/SOURCES/scim/scim-whiz-0.0.1/missing --run automake-1.9'
AWK='gawk'
CC='gcc'
CCDEPMODE='depmode=gcc3'
CFLAGS='-g -O2'
CONVENIENCE_LTDL_FALSE=''
CONVENIENCE_LTDL_TRUE='#'
CPP='gcc -E'
CPPFLAGS=''
CXX='g++'
CXXCPP='g++ -E'
CXXDEPMODE='depmode=gcc3'
CXXFLAGS='-g -O2'
CYGPATH_W='echo'
DEFS='-DHAVE_CONFIG_H'
DEPDIR='.deps'
ECHO='echo'
ECHO_C=''
ECHO_N='-n'
ECHO_T=''
EGREP='grep -E'
EXEEXT=''
F77=''
FFLAGS=''
GETTEXT_PACKAGE='scim-canna'
INSTALL_DATA='${INSTALL} -m 644'
INSTALL_LTDL_FALSE=''
INSTALL_LTDL_TRUE='#'
INSTALL_PROGRAM='${INSTALL}'
INSTALL_SCRIPT='${INSTALL}'
INSTALL_STRIP_PROGRAM='${SHELL} $(install_sh) -c -s'
LDFLAGS=''
LIBADD_DL='-ldl'
LIBOBJS=''
LIBS=''
LIBTOOL='$(SHELL) $(top_builddir)/libtool'
LIBTOOL_DEPS='./ltmain.sh'
LN_S='ln -s'
LTLIBOBJS=''
MAKEINFO='${SHELL} /root/redhat/SOURCES/scim/scim-whiz-0.0.1/missing --run makeinfo'
OBJEXT='o'
PACKAGE='scim-canna'
PACKAGE_BUGREPORT='poincare@ikezoe.net'
PACKAGE_NAME='scim-canna'
PACKAGE_STRING='scim-canna 0.1.0'
PACKAGE_TARNAME='scim-canna'
PACKAGE_VERSION='0.1.0'
PATH_SEPARATOR=':'
PKG_CONFIG='/usr/bin/pkg-config'
RANLIB='ranlib'
SCIM_BUILD_SETUP='1'
SCIM_BUILD_SETUP_FALSE='#'
SCIM_BUILD_SETUP_TRUE=''
SCIM_CANNA_MAJOR_VERSION='0'
SCIM_CANNA_MICRO_VERSION='0'
SCIM_CANNA_MINOR_VERSION='1'
SCIM_CANNA_VERSION='0.1.0'
SCIM_CFLAGS='-I/usr/include/scim-1.0  '
SCIM_DEBUG_FLAGS=''
SCIM_GTKUTILS_CFLAGS='-DXTHREADS -D_REENTRANT -DXUSE_MTSAFE_API -I/usr/include/scim-1.0 -I/usr/include/gtk-2.0 -I/usr/lib/gtk-2.0/include -I/usr/X11R6/include -I/usr/include/atk-1.0 -I/usr/include/pango-1.0 -I/usr/include/freetype2 -I/usr/include/freetype2/config -I/usr/include/glib-2.0 -I/usr/lib/glib-2.0/include  '
SCIM_GTKUTILS_LIBS='-Wl,--export-dynamic -lscim-gtkutils-1.0 -lgtk-x11-2.0 -lscim-1.0 -lgdk-x11-2.0 -latk-1.0 -lgdk_pixbuf-2.0 -lm -lpangoxft-1.0 -lpangox-1.0 -lpango-1.0 -lgobject-2.0 -lgmodule-2.0 -ldl -lglib-2.0  '
SCIM_ICONDIR='/usr/share/scim/icons'
SCIM_LIBS='-lscim-1.0  '
SCIM_MODULEDIR='/usr/lib/scim-1.0'
SCIM_VERSION='0.99.8'
SET_MAKE=''
SHELL='/bin/sh'
STRIP='strip'
VERSION='0.1.0'
ac_aux_dir='.'
ac_ct_AR='ar'
ac_ct_CC='gcc'
ac_ct_CXX='g++'
ac_ct_F77=''
ac_ct_RANLIB='ranlib'
ac_ct_STRIP='strip'
am__fastdepCC_FALSE='#'
am__fastdepCC_TRUE=''
am__fastdepCXX_FALSE='#'
am__fastdepCXX_TRUE=''
am__include='include'
am__leading_dot='.'
am__quote=''
am__tar='${AMTAR} chof - "$$tardir"'
am__untar='${AMTAR} xf -'
bindir='${exec_prefix}/bin'
build='i686-pc-linux-gnu'
build_alias=''
build_cpu='i686'
build_os='linux-gnu'
build_vendor='pc'
datadir='${prefix}/share'
exec_prefix='${prefix}'
host='i686-pc-linux-gnu'
host_alias=''
host_cpu='i686'
host_os='linux-gnu'
host_vendor='pc'
includedir='${prefix}/include'
infodir='${prefix}/info'
install_sh='/root/redhat/SOURCES/scim/scim-whiz-0.0.1/install-sh'
libdir='${exec_prefix}/lib'
libexecdir='${exec_prefix}/libexec'
localstatedir='${prefix}/var'
mandir='${prefix}/man'
mkdir_p='mkdir -p --'
oldincludedir='/usr/include'
prefix='/usr/local'
program_transform_name='s,x,x,'
sbindir='${exec_prefix}/sbin'
sharedstatedir='${prefix}/com'
sysconfdir='${prefix}/etc'
target_alias=''

## ----------- ##
## confdefs.h. ##
## ----------- ##

#define GETTEXT_PACKAGE "scim-canna"
#define HAVE_ALLOCA 1
#define HAVE_ALLOCA_H 1
#define HAVE_ARGZ_APPEND 1
#define HAVE_ARGZ_CREATE_SEP 1
#define HAVE_ARGZ_H 1
#define HAVE_ARGZ_H 1
#define HAVE_ARGZ_INSERT 1
#define HAVE_ARGZ_NEXT 1
#define HAVE_ARGZ_STRINGIFY 1
#define HAVE_ASSERT_H 1
#define HAVE_CLOSEDIR 1
#define HAVE_CTYPE_H 1
#define HAVE_DIRENT_H 1
#define HAVE_DLERROR 1
#define HAVE_DLFCN_H 1
#define HAVE_ERRNO_H 1
#define HAVE_ERROR_T 1
#define HAVE_FCNTL_H 1
#define HAVE_FLOAT_H 1
#define HAVE_INTTYPES_H 1
#define HAVE_INTTYPES_H 1
#define HAVE_LANGINFO_H 1
#define HAVE_LIBDL 1
#define HAVE_LIBINTL_H 1
#define HAVE_LIMITS_H 1
#define HAVE_LOCALE_H 1
#define HAVE_MALLOC_H 1
#define HAVE_MALLOC_H 1
#define HAVE_MEMCPY 1
#define HAVE_MEMMOVE 1
#define HAVE_MEMORY_H 1
#define HAVE_MEMORY_H 1
#define HAVE_OPENDIR 1
#define HAVE_PRELOADED_SYMBOLS 1
#define HAVE_READDIR 1
#define HAVE_STDDEF_H 1
#define HAVE_STDINT_H 1
#define HAVE_STDINT_H 1
#define HAVE_STDIO_EXT_H 1
#define HAVE_STDIO_H 1
#define HAVE_STDLIB_H 1
#define HAVE_STDLIB_H 1
#define HAVE_STDLIB_H 1
#define HAVE_STRCHR 1
#define HAVE_STRCMP 1
#define HAVE_STRINGS_H 1
#define HAVE_STRINGS_H 1
#define HAVE_STRING_H 1
#define HAVE_STRING_H 1
#define HAVE_STRING_H 1
#define HAVE_STRRCHR 1
#define HAVE_SYS_PARAM_H 1
#define HAVE_SYS_STAT_H 1
#define HAVE_SYS_TYPES_H 1
#define HAVE_UNISTD_H 1
#define HAVE_UNISTD_H 1
#define HAVE_UNISTD_H 1
#define HAVE_WCHAR_H 1
#define LTDL_OBJDIR ".libs/"
#define LTDL_SHLIBPATH_VAR "LD_LIBRARY_PATH"
#define LTDL_SHLIB_EXT ".so"
#define LTDL_SYSSEARCHPATH "/lib:/usr/lib:/usr/lib/qt-3.3/lib:/usr/X11R6/lib:/usr/X11R6/lib:/usr/lib/mysql:/usr/lib/wine:/usr/local/PCM/PCM4/Dist/lib"
#define PACKAGE "scim-canna"
#define PACKAGE_BUGREPORT "poincare@ikezoe.net"
#define PACKAGE_NAME "scim-canna"
#define PACKAGE_STRING "scim-canna 0.1.0"
#define PACKAGE_TARNAME "scim-canna"
#define PACKAGE_VERSION "0.1.0"
#define STDC_HEADERS 1
#define STDC_HEADERS 1
#define VERSION "0.1.0"
#endif
#ifdef __cplusplus
extern "C" void std::exit (int) throw (); using std::exit;

configure: exit 0
